<?xml version="1.0" encoding="UTF-8"?>
<!-- Generated by org.testng.reporters.JUnitReportReporter -->
<testsuite hostname="MyPC" name="FinalEnv.Env.NewTest1" tests="3" failures="0" timestamp="11 Apr 2016 10:46:59 GMT" time="29.061" errors="0">
  <testcase name="checkGmailTitle" time="8.403" classname="FinalEnv.Env.NewTest1"/>
  <testcase name="checkGmailTitle" time="13.121" classname="FinalEnv.Env.NewTest1"/>
  <testcase name="checkGmailTitle" time="7.537" classname="FinalEnv.Env.NewTest1"/>
</testsuite> <!-- FinalEnv.Env.NewTest1 -->
