<?xml version="1.0" encoding="UTF-8"?>
<!-- Generated by org.testng.reporters.JUnitReportReporter -->
<testsuite hostname="MyPC" name="FinalEnv.Env.NewTest" tests="3" failures="0" timestamp="11 Apr 2016 10:46:59 GMT" time="22.373" errors="0">
  <testcase name="checkGoogleTitle" time="6.965" classname="FinalEnv.Env.NewTest"/>
  <testcase name="checkGoogleTitle" time="9.078" classname="FinalEnv.Env.NewTest"/>
  <testcase name="checkGoogleTitle" time="6.330" classname="FinalEnv.Env.NewTest"/>
</testsuite> <!-- FinalEnv.Env.NewTest -->
