<?xml version="1.0" encoding="UTF-8"?>
<!-- Generated by org.testng.reporters.JUnitReportReporter -->
<testsuite hostname="MyPC" name="FinalEnv.Env.NewTest1" tests="3" failures="0" timestamp="11 Apr 2016 10:24:29 GMT" time="29.908" errors="0">
  <testcase name="checkGmailTitle" time="1.887" classname="FinalEnv.Env.NewTest1"/>
  <testcase name="checkGmailTitle" time="5.555" classname="FinalEnv.Env.NewTest1"/>
  <testcase name="checkGmailTitle" time="22.466" classname="FinalEnv.Env.NewTest1"/>
</testsuite> <!-- FinalEnv.Env.NewTest1 -->
