<?xml version="1.0" encoding="UTF-8"?>
<!-- Generated by org.testng.reporters.JUnitReportReporter -->
<testsuite hostname="MyPC" name="FinalEnv.Env.NewTest" tests="3" failures="0" timestamp="11 Apr 2016 10:24:29 GMT" time="0.220" errors="0">
  <testcase name="checkGoogleTitle" time="0.091" classname="FinalEnv.Env.NewTest"/>
  <testcase name="checkGoogleTitle" time="0.046" classname="FinalEnv.Env.NewTest"/>
  <testcase name="checkGoogleTitle" time="0.083" classname="FinalEnv.Env.NewTest"/>
</testsuite> <!-- FinalEnv.Env.NewTest -->
